2024-08-03 16:23:57.941 | INFO     | router.service_endpoints_router:get_similarity:21 - requested data = {'gyro_data': [0, 0.78, -0.61, -0.37, 0.43, -0.18, 1722716637610]}
2024-08-03 16:23:57.941 | INFO     | router.service_endpoints_router:get_similarity:21 - requested data = {'gyro_data': [0, 0.78, -0.61, -0.37, 0.43, -0.18, 1722716637610]}
2024-08-03 16:23:57.944 | INFO     | router.service_endpoints_router:get_similarity:23 - Gyro Request Received {'gyro_data': [0, 0.78, -0.61, -0.37, 0.43, -0.18, 1722716637610]}
2024-08-03 16:23:57.944 | INFO     | router.service_endpoints_router:get_similarity:23 - Gyro Request Received {'gyro_data': [0, 0.78, -0.61, -0.37, 0.43, -0.18, 1722716637610]}
2024-08-03 16:24:59.527 | INFO     | router.service_endpoints_router:get_similarity:21 - requested data = {'gyro_data': [0, 0.78, -0.61, -0.24, 0.49, -0.18, 1722716651411]}
2024-08-03 16:24:59.527 | INFO     | router.service_endpoints_router:get_similarity:21 - requested data = {'gyro_data': [0, 0.78, -0.61, -0.24, 0.49, -0.18, 1722716651411]}
2024-08-03 16:24:59.531 | INFO     | router.service_endpoints_router:get_similarity:23 - Gyro Request Received {'gyro_data': [0, 0.78, -0.61, -0.24, 0.49, -0.18, 1722716651411]}
2024-08-03 16:24:59.531 | INFO     | router.service_endpoints_router:get_similarity:23 - Gyro Request Received {'gyro_data': [0, 0.78, -0.61, -0.24, 0.49, -0.18, 1722716651411]}
2024-08-03 16:25:01.856 | INFO     | router.service_endpoints_router:get_similarity:21 - requested data = {'gyro_data': [0, 0.78, -0.61, -0.18, 0.43, -0.12, 1722716653450]}
2024-08-03 16:25:01.856 | INFO     | router.service_endpoints_router:get_similarity:21 - requested data = {'gyro_data': [0, 0.78, -0.61, -0.18, 0.43, -0.12, 1722716653450]}
2024-08-03 16:25:01.859 | INFO     | router.service_endpoints_router:get_similarity:23 - Gyro Request Received {'gyro_data': [0, 0.78, -0.61, -0.18, 0.43, -0.12, 1722716653450]}
2024-08-03 16:25:01.859 | INFO     | router.service_endpoints_router:get_similarity:23 - Gyro Request Received {'gyro_data': [0, 0.78, -0.61, -0.18, 0.43, -0.12, 1722716653450]}
2024-08-03 16:25:01.990 | INFO     | router.service_endpoints_router:get_similarity:21 - requested data = {'gyro_data': [0.01, 0.78, -0.61, -0.12, 0.43, -0.18, 1722716654410]}
2024-08-03 16:25:01.990 | INFO     | router.service_endpoints_router:get_similarity:21 - requested data = {'gyro_data': [0.01, 0.78, -0.61, -0.12, 0.43, -0.18, 1722716654410]}
2024-08-03 16:25:01.992 | INFO     | router.service_endpoints_router:get_similarity:23 - Gyro Request Received {'gyro_data': [0.01, 0.78, -0.61, -0.12, 0.43, -0.18, 1722716654410]}
2024-08-03 16:25:01.992 | INFO     | router.service_endpoints_router:get_similarity:23 - Gyro Request Received {'gyro_data': [0.01, 0.78, -0.61, -0.12, 0.43, -0.18, 1722716654410]}
2024-08-03 16:25:08.737 | INFO     | router.service_endpoints_router:get_similarity:21 - requested data = {'gyro_data': [0, 0.78, -0.61, -0.24, 0.43, -0.18, 1722716652430]}
2024-08-03 16:25:08.737 | INFO     | router.service_endpoints_router:get_similarity:21 - requested data = {'gyro_data': [0, 0.78, -0.61, -0.24, 0.43, -0.18, 1722716652430]}
2024-08-03 16:25:08.740 | INFO     | router.service_endpoints_router:get_similarity:23 - Gyro Request Received {'gyro_data': [0, 0.78, -0.61, -0.24, 0.43, -0.18, 1722716652430]}
2024-08-03 16:25:08.740 | INFO     | router.service_endpoints_router:get_similarity:23 - Gyro Request Received {'gyro_data': [0, 0.78, -0.61, -0.24, 0.43, -0.18, 1722716652430]}
2024-08-03 16:25:27.959 | INFO     | router.service_endpoints_router:get_similarity:21 - requested data = {'gyro_data': [0.02, 0.73, -0.67, 2.75, 0.37, -0.06, 1722716727611]}
2024-08-03 16:25:27.959 | INFO     | router.service_endpoints_router:get_similarity:21 - requested data = {'gyro_data': [0.02, 0.73, -0.67, 2.75, 0.37, -0.06, 1722716727611]}
2024-08-03 16:25:27.961 | INFO     | router.service_endpoints_router:get_similarity:23 - Gyro Request Received {'gyro_data': [0.02, 0.73, -0.67, 2.75, 0.37, -0.06, 1722716727611]}
2024-08-03 16:25:27.961 | INFO     | router.service_endpoints_router:get_similarity:23 - Gyro Request Received {'gyro_data': [0.02, 0.73, -0.67, 2.75, 0.37, -0.06, 1722716727611]}
